2025-11-19 12:06:33 - __main__ - INFO - ============================================================
2025-11-19 12:06:33 - __main__ - INFO - Starting Smart Class Attendance System
2025-11-19 12:06:33 - __main__ - INFO - ============================================================
2025-11-19 12:06:33 - __main__ - INFO - Database already initialized
2025-11-19 12:06:33 - __main__ - INFO - Students: 0
2025-11-19 12:06:33 - __main__ - INFO - Courses: 0
2025-11-19 12:06:33 - __main__ - INFO - Attendance Records: 0
2025-11-19 12:06:33 - __main__ - INFO - Launching user interface...
2025-11-19 12:10:48 - __main__ - INFO - ============================================================
2025-11-19 12:10:48 - __main__ - INFO - Starting Smart Class Attendance System
2025-11-19 12:10:48 - __main__ - INFO - ============================================================
2025-11-19 12:10:48 - __main__ - INFO - Database already initialized
2025-11-19 12:10:48 - __main__ - INFO - Students: 0
2025-11-19 12:10:48 - __main__ - INFO - Courses: 0
2025-11-19 12:10:48 - __main__ - INFO - Attendance Records: 0
2025-11-19 12:10:48 - __main__ - INFO - Launching user interface...
2025-11-19 13:15:31 - __main__ - INFO - ============================================================
2025-11-19 13:15:31 - __main__ - INFO - Starting Smart Class Attendance System
2025-11-19 13:15:31 - __main__ - INFO - ============================================================
2025-11-19 13:15:31 - __main__ - INFO - Database already initialized
2025-11-19 13:15:31 - __main__ - INFO - Students: 0
2025-11-19 13:15:31 - __main__ - INFO - Courses: 0
2025-11-19 13:15:31 - __main__ - INFO - Attendance Records: 0
2025-11-19 13:15:31 - __main__ - INFO - Launching user interface...
2025-11-19 13:36:19 - __main__ - INFO - ============================================================
2025-11-19 13:36:19 - __main__ - INFO - Starting Smart Class Attendance System
2025-11-19 13:36:19 - __main__ - INFO - ============================================================
2025-11-19 13:36:19 - __main__ - INFO - Database already initialized
2025-11-19 13:36:19 - __main__ - INFO - Students: 0
2025-11-19 13:36:19 - __main__ - INFO - Courses: 0
2025-11-19 13:36:19 - __main__ - INFO - Attendance Records: 0
2025-11-19 13:36:19 - __main__ - INFO - Launching user interface...
2025-11-19 13:45:25 - __main__ - INFO - ============================================================
2025-11-19 13:45:25 - __main__ - INFO - Starting Smart Class Attendance System
2025-11-19 13:45:25 - __main__ - INFO - ============================================================
2025-11-19 13:45:25 - __main__ - INFO - Database already initialized
2025-11-19 13:45:25 - __main__ - INFO - Students: 0
2025-11-19 13:45:25 - __main__ - INFO - Courses: 0
2025-11-19 13:45:25 - __main__ - INFO - Attendance Records: 0
2025-11-19 13:45:25 - __main__ - INFO - Launching user interface...
2025-11-19 13:47:30 - __main__ - INFO - ============================================================
2025-11-19 13:47:30 - __main__ - INFO - Starting Smart Class Attendance System
2025-11-19 13:47:30 - __main__ - INFO - ============================================================
2025-11-19 13:47:30 - __main__ - INFO - Database already initialized
2025-11-19 13:47:30 - __main__ - INFO - Students: 0
2025-11-19 13:47:30 - __main__ - INFO - Courses: 0
2025-11-19 13:47:30 - __main__ - INFO - Attendance Records: 0
2025-11-19 13:47:30 - __main__ - INFO - Launching user interface...
2025-11-19 13:56:16 - __main__ - INFO - ============================================================
2025-11-19 13:56:16 - __main__ - INFO - Starting Smart Class Attendance System
2025-11-19 13:56:16 - __main__ - INFO - ============================================================
2025-11-19 13:56:16 - __main__ - INFO - Database already initialized
2025-11-19 13:56:16 - __main__ - INFO - Students: 0
2025-11-19 13:56:16 - __main__ - INFO - Courses: 0
2025-11-19 13:56:16 - __main__ - INFO - Attendance Records: 0
2025-11-19 13:56:16 - __main__ - INFO - Launching user interface...
